UG to STEP
! INFO-     NX STEP AP214 - V8.0
! INFO-      
! INFO-     Start of Translation: 28-OCT-2022  3:24:09 PM
! INFO-      
! STATUS-   Converting Part: C:\Users\ASUS\AppData\Local\Temp\ASUS443445CBgcgg.prt
! SUMMARY-   
! SUMMARY-  Summary of Unigraphics Part Entities
! SUMMARY-  For Part: C:\Users\ASUS\AppData\Local\Temp\ASUS443445CBgcgg.prt 
! SUMMARY-  Entities Processed             Count
! SUMMARY-  ------------------             -----
! SUMMARY-  Point .......................:     4
! SUMMARY-  Line ........................:   140
! SUMMARY-  Arc/Circle ..................:  1123
! SUMMARY-  B-Curve .....................:   556
! SUMMARY-  Part Attribute ..............:     1
! SUMMARY-  Font ........................:     2
! SUMMARY-  Color Table .................:     2
! SUMMARY-  Coordinate System ...........:     1
! SUMMARY-  Parameter ...................:     1
! SUMMARY-  Matrix ......................:   178
! SUMMARY-  Solid .......................:
! SUMMARY-     Body .....................:   735
! SUMMARY-                                 -----
! SUMMARY-  Total                           2743
! STATUS-    
! STATUS-   Converting to Output Form (Phase 2 of 3): 28-OCT-2022 3:24:13 PM
! STATUS-    
! STATUS-    
! STATUS-   Generating UG geometry and placing them in parts
! STATUS-    
! SUMMARY-   
! SUMMARY-    STEP Header Information
! SUMMARY-   
! SUMMARY-  Description      Unknown
! SUMMARY-  Imp_Level        1
! SUMMARY-  File_Name        Asm2_2022_10_28.stp
! SUMMARY-  Date             2022-10-28T15:24:13+08:00
! SUMMARY-  Author           Unknown
! SUMMARY-  Organization     Unknown
! SUMMARY-  Pre_Version      ST-DEVELOPER v14
! SUMMARY-  Orig_System      SIEMENS PLM Software NX 8.0
! SUMMARY-  Authorization    Unknown
! SUMMARY-   
! SUMMARY-    Summary of STEP Entities
! SUMMARY-   
! SUMMARY-  Entity Type                                                   Count
! SUMMARY-  -----------                                                   ------
! SUMMARY-  advanced_brep_shape_representation .........................:      1
! SUMMARY-  advanced_face ..............................................:  19959
! SUMMARY-  application_context ........................................:      1
! SUMMARY-  application_protocol_definition ............................:      1
! SUMMARY-  axis2_placement_3d .........................................:  34660
! SUMMARY-  b_spline_curve_with_knots ..................................:   8738
! SUMMARY-  b_spline_curve_with_knots_and_rational_b_spline_curve ......:     84
! SUMMARY-  b_spline_surface_with_knots ................................:     64
! SUMMARY-  b_spline_surface_with_knots_and_rational_b_spline_surface ..:    250
! SUMMARY-  cartesian_point ............................................: 246492
! SUMMARY-  circle .....................................................:  16033
! SUMMARY-  closed_shell ...............................................:    735
! SUMMARY-  conical_surface ............................................:   3138
! SUMMARY-  conversion_based_unit_and_plane_angle_unit .................:      1
! SUMMARY-  cylindrical_surface ........................................:   5414
! SUMMARY-  dimensional_exponents ......................................:      1
! SUMMARY-  direction ..................................................:  90174
! SUMMARY-  edge_curve .................................................:  41804
! SUMMARY-  edge_loop ..................................................:  27404
! SUMMARY-  ellipse ....................................................:     48
! SUMMARY-  face_bound .................................................:  12912
! SUMMARY-  face_outer_bound ...........................................:  14781
! SUMMARY-  geometric_curve_set ........................................:      1
! SUMMARY-  geometric_representation_context_and_global_uncertainty_a ..:      1
! SUMMARY-  geometrically_bounded_wireframe_shape_representation .......:      1
! SUMMARY-  length_unit_and_si_unit ....................................:      1
! SUMMARY-  line .......................................................:  19787
! SUMMARY-  manifold_solid_brep ........................................:    735
! SUMMARY-  oriented_edge ..............................................:  83608
! SUMMARY-  plane ......................................................:   8857
! SUMMARY-  plane_angle_measure_with_unit ..............................:      1
! SUMMARY-  plane_angle_unit_and_si_unit ...............................:      1
! SUMMARY-  product ....................................................:      1
! SUMMARY-  product_context ............................................:      1
! SUMMARY-  product_definition .........................................:      1
! SUMMARY-  product_definition_context .................................:      1
! SUMMARY-  product_definition_formation_with_specified_source .........:      1
! SUMMARY-  product_definition_shape ...................................:      1
! SUMMARY-  product_related_product_category ...........................:      1
! SUMMARY-  property_definition ........................................:      2
! SUMMARY-  property_definition_representation .........................:      2
! SUMMARY-  representation .............................................:      2
! SUMMARY-  shape_definition_representation ............................:      1
! SUMMARY-  shape_representation .......................................:      1
! SUMMARY-  shape_representation_relationship ..........................:      2
! SUMMARY-  si_unit_and_solid_angle_unit ...............................:      1
! SUMMARY-  spherical_surface ..........................................:    453
! SUMMARY-  surface_of_linear_extrusion ................................:   1067
! SUMMARY-  toroidal_surface ...........................................:    716
! SUMMARY-  trimmed_curve ..............................................:    280
! SUMMARY-  uncertainty_measure_with_unit ..............................:      1
! SUMMARY-  vector .....................................................:  20854
! SUMMARY-  vertex_loop ................................................:    289
! SUMMARY-  vertex_point ...............................................:  27653
! SUMMARY-                                                               -------
! SUMMARY-  Total                                                         687019
! INFO-      
! INFO-     User interface/default file
! INFO-     Bspline aprx. value in effect for this translation : 2.540000e-002 mm
! INFO-      
! INFO-     Total number of solids input for this translation  :     735
! INFO-      
! INFO-     Number of solids processed without problems        :     735
! INFO-      
! INFO-     Number of solids with problems output as sheets    :       0
! INFO-      
! INFO-     Number of solids not processed                     :       0
! INFO-      
! INFO-     End of Translation: 28-OCT-2022  3:24:17 PM
! INFO-      
